This file contains any messages produced by compilers while
running configure, to aid debugging if configure makes a mistake.

It was created by mpdecimal configure 2.4.2, which was
generated by GNU Autoconf 2.69.  Invocation command line was

  $ ./configure --build=x86_64-linux-gnu --prefix=/usr --includedir=${prefix}/include --mandir=${prefix}/share/man --infodir=${prefix}/share/info --sysconfdir=/etc --localstatedir=/var --disable-silent-rules --libdir=${prefix}/lib/x86_64-linux-gnu --libexecdir=${prefix}/lib/x86_64-linux-gnu --disable-maintainer-mode --disable-dependency-tracking --includedir=${prefix}/include/x86_64-linux-gnu --libdir=${prefix}/lib/x86_64-linux-gnu CFLAGS=-g -O2 -fdebug-prefix-map=/dev/shm/mpdecimal/mpdecimal-2.4.2=. -Wformat -march=native -pipe -Wformat-security LDFLAGS=

## --------- ##
## Platform. ##
## --------- ##

hostname = server
uname -m = x86_64
uname -r = 4.18.0-2-amd64
uname -s = Linux
uname -v = #1 SMP Debian 4.18.10-2 (2018-11-02)

/usr/bin/uname -p = unknown
/bin/uname -X     = unknown

/bin/arch              = unknown
/usr/bin/arch -k       = unknown
/usr/convex/getsysinfo = unknown
/usr/bin/hostinfo      = unknown
/bin/machine           = unknown
/usr/bin/oslevel       = unknown
/bin/universe          = unknown

PATH: /usr/local/bin
PATH: /opt/intel/compilers_and_libraries/linux/pkg_bin/intel64
PATH: /usr/sbin
PATH: /usr/bin
PATH: /sbin
PATH: /bin
PATH: /usr/bin/X11


## ----------- ##
## Core tests. ##
## ----------- ##

configure:2281: loading site script /usr/share/config.site
| # BASH
| #: ${CONFIG_SITE:?CONFIG_SITE not set}
| 
| [[ :$LD_LIBRARY_PATH: != *":/opt/intel/tbb/lib/intel64/gcc4.7:"* ]] && LD_LIBRARY_PATH=/opt/intel/tbb/lib/intel64/gcc4.7:$LD_LIBRARY_PATH
| [[ :$LD_LIBRARY_PATH: != *":/opt/intel/compilers_and_libraries/linux/mpi/intel64/lib:"* ]] && LD_LIBRARY_PATH=/opt/intel/compilers_and_libraries/linux/mpi/intel64/lib:$LD_LIBRARY_PATH
| [[ :$LD_LIBRARY_PATH: != *":/opt/intel/compilers_and_libraries/linux/mpi/intel64/lib/release:"* ]] && LD_LIBRARY_PATH=/opt/intel/compilers_and_libraries/linux/mpi/intel64/lib/release:$LD_LIBRARY_PATH
| [[ :$LD_LIBRARY_PATH: != *":/opt/intel/compilers_and_libraries/linux/mpi/intel64/libfabric/lib:"* ]] && LD_LIBRARY_PATH=/opt/intel/compilers_and_libraries/linux/mpi/intel64/libfabric/lib:$LD_LIBRARY_PATH
| [[ :$LD_LIBRARY_PATH: != *":/opt/intel/lib/intel64:"* ]] && LD_LIBRARY_PATH=/opt/intel/lib/intel64:$LD_LIBRARY_PATH
| 
| FI_PROVIDER_PATH=/opt/intel/compilers_and_libraries/linux/mpi/intel64/libfabric/lib/prov
| 
| [[ :$CLASSPATH: != *":/opt/intel/compilers_and_libraries/linux/mpi/intel64/lib/mpi.jar:"* ]] && CLASSPATH=/opt/intel/compilers_and_libraries/linux/mpi/intel64/lib/mpi.jar:$CLASSPATH
| 
| [[ :$CPATH: != *":/opt/intel/tbb/include:"* ]] && CPATH=/opt/intel/tbb/include:$CPATH
| [[ :$CPATH: != *":/opt/intel/pstl/include:"* ]] && CPATH=/opt/intel/pstl/include:$CPATH
| 
| 
| NLSPATH=/opt/intel/lib/intel64/locale/en_US/%N
| 
| [[ :$LIBRARY_PATH: != *":/opt/intel/tbb/lib/intel64/gcc4.7:"* ]] && LIBRARY_PATH=/opt/intel/tbb/lib/intel64/gcc4.7:$LIBRARY_PATH
| [[ :$LIBRARY_PATH: != *":/opt/intel/compilers_and_libraries/linux/mpi/intel64/libfabric/lib:"* ]] && LIBRARY_PATH=/opt/intel/compilers_and_libraries/linux/mpi/intel64/libfabric/lib:$LIBRARY_PATH
| 
| PSTLROOT=/opt/intel/pstl
| [[ :$PATH: != *":/opt/intel/parallel_studio_xe_2019/bin:"* ]] && PATH=$PATH:/opt/intel/parallel_studio_xe_2019/bin
| [[ :$PATH: != *":/opt/intel/compilers_and_libraries/linux/mpi/intel64/bin:"* ]] && PATH=/opt/intel/compilers_and_libraries/linux/mpi/intel64/bin:$PATH
| [[ :$PATH: != *":/opt/intel/compilers_and_libraries/linux/mpi/intel64/libfabric/bin:"* ]] && PATH=/opt/intel/compilers_and_libraries/linux/mpi/intel64/libfabric/bin:$PATH
| [[ :$PATH: != *":/opt/intel/compilers_and_libraries/linux/pkg_bin/intel64:"* ]] && PATH=/opt/intel/compilers_and_libraries/linux/pkg_bin/intel64:$PATH
| 
| TBBROOT=/opt/intel/tbb
| I_MPI_ROOT=/opt/intel/compilers_and_libraries/linux/mpi
| INTEL_LICENSE_FILE=/opt/intel/licenses
| 
| CC=icc.pl
| CXX=icpc.pl
| LTCC=icc.pl
| LTCXX=icpc.pl
| LANGUAGE=C
| LC_ALL=C
| 
| CPP='icc.pl -E'
| CXXCPP='icpc.pl -E'
| 
| INSTALL=/usr/bin/install
| 
| MKDIR_P='/bin/mkdir -p'
| 
| AWK=/usr/bin/gawk
| 
| AS=/usr/bin/x86_64-linux-gnu-as
| AR=xiar.pl
| #RANLIB='xiar s'
| MAGIC_CMD=/usr/bin/file
| CONFIG_SHELL=/bin/bash
| ECHO='/usr/bin/printf %s\n'
| ECHO_T='	' # assuming shell is BASH! if zsh we define ECHO_C=\c
| EGREP='/bin/grep -E'
| FGREP='/bin/grep -F'
| GCC=yes
| GCC_CXX=yes
| GREP=/bin/grep
| #LD='xild -m elf_x86_64'
| LN_S='ln -s'
| NM='/usr/bin/x86_64-linux-gnu-nm -B'
| OBJDUMP=/usr/bin/x86_64-linux-gnu-objdump
| PERL=/usr/bin/perl
| PKG_CONFIG=/usr/bin/pkg-config
| SED=/bin/sed
| SHELL=/bin/bash
| STRIP=/usr/bin/x86_64-linux-gnu-strip
| Xsed='/bin/sed -e 1s/^X//'
| YACC='/usr/bin/bison -y'
| CC_FOR_BUILD=icc.pl
| CXX_FOR_BUILD=icpc.pl
| 
| CPP_FOR_BUILD='icc.pl -E'
| CXXCPP_FOR_BUILD='icpc.pl -E'
| 
| ax_cv_c_float_words_bigendian=no
| 
| 
| 
| # BASH=/bin/bash
| # CONFIG_STATUS=./config.status
| # DEFS=-DHAVE_CONFIG_H
| # DUALCASE=1
| ECHO_N=-n
| ECHO_T='	'
| EGREP='/bin/grep -E'
| EXEEXT=
| GCC=yes
| GREP=/bin/grep
| # HOSTNAME=server
| HOSTTYPE=x86_64
| 
| INSTALL='/usr/bin/install'
| INSTALL_DATA='${INSTALL} -m 644'
| INSTALL_PROGRAM='${INSTALL}'
| INSTALL_SCRIPT='${INSTALL}'
| # LIBOBJS=
| # LTLIBOBJS=
| MACHTYPE=x86_64-pc-linux-gnu
| MAKEFLAGS='-l 8'
| OBJEXT=o
| # OPTERR=1
| # OPTIND=1
| OSTYPE=linux-gnu
| # PACKAGE_BUGREPORT=
| # PACKAGE_NAME=
| # PACKAGE_STRING=
| # PACKAGE_TARNAME=
| # PACKAGE_URL=
| # PACKAGE_VERSION=
| PATH_SEPARATOR=:
| POSIXLY_CORRECT=y
| RANLIB=/usr/bin/x86_64-linux-gnu-ranlib
| 
| ac_build_alias=x86_64-pc-linux-gnu
| 
| ac_ct_AR=xiar.pl
| ac_ct_CC=icc.pl
| ac_ct_RANLIB=x86_64-linux-gnu-ranlib
| ac_cv_build=x86_64-pc-linux-gnu
| ac_cv_c_bigendian=no
| ac_cv_c_compiler_clang=no
| ac_cv_c_compiler_gnu=yes
| ac_cv_func_asprintf=yes
| ac_cv_func_gethostname=yes
| ac_cv_func_getopt_long=yes
| ac_cv_func_getpwuid=yes
| ac_cv_func_gettimeofday=yes
| ac_cv_func_mkstemp=yes
| ac_cv_func_realpath=yes
| ac_cv_func_setenv=yes
| ac_cv_func_snprintf=yes
| ac_cv_func_strndup=yes
| ac_cv_func_strtok_r=yes
| ac_cv_func_unsetenv=yes
| ac_cv_func_utimes=yes
| ac_cv_func_vasprintf=yes
| ac_cv_func_vsnprintf=yes
| ac_cv_header_ctype_h=yes
| ac_cv_header_dirent_dirent_h=yes
| ac_cv_header_inttypes_h=yes
| ac_cv_header_memory_h=yes
| ac_cv_header_pwd_h=yes
| ac_cv_header_stdarg_h=yes
| ac_cv_header_stdc=yes
| ac_cv_header_stdint_h=yes
| ac_cv_header_stdlib_h=yes
| ac_cv_header_string_h=yes
| ac_cv_header_strings_h=yes
| ac_cv_header_sys_mman_h=yes
| ac_cv_header_sys_stat_h=yes
| ac_cv_header_sys_time_h=yes
| ac_cv_header_sys_types_h=yes
| ac_cv_header_sys_wait_h=yes
| ac_cv_header_termios_h=yes
| ac_cv_header_time=yes
| ac_cv_header_unistd_h=yes
| ac_cv_header_varargs_h=no
| ac_cv_host=x86_64-pc-linux-gnu
| ac_cv_objext=o
| ac_cv_path_EGREP='/bin/grep -E'
| ac_cv_path_GREP=/bin/grep
| ac_cv_path_ac_pt_BASH=/bin/bash
| ac_cv_path_install=/usr/bin/install
| ac_cv_prog_CPP='icc.pl -E'
| ac_cv_prog_ac_ct_AR=xiar.pl
| ac_cv_prog_ac_ct_CC=icc.pl
| ac_cv_prog_ac_ct_RANLIB=ranlib
| ac_cv_prog_cc_c89='-std=gnu89' #ISO C90 plus GNU* extensions
| ac_cv_prog_cc_c99='-std=gnu99'
| # ac_cv_prog_cc_g=yes
| ac_cv_search_cos='none required'
| ac_cv_search_opendir='none required'
| ac_cv_type_long_long=yes
| ac_cv_type_unsigned_long_long_int=yes
| 
| ac_default_prefix=/usr
| 
| 
| build=x86_64-pc-linux-gnu
| build_cpu=x86_64
| build_os=linux-gnu
| build_vendor=pc
| cache_file=/dev/null
| cross_compiling=no
| 
| host=x86_64-pc-linux-gnu
| host_cpu=x86_64
| host_os=linux-gnu
| host_vendor=pc
| hw_cv_func_asprintf=yes
| hw_cv_func_snprintf=yes
| hw_cv_func_snprintf_c99=yes
| hw_cv_func_vasprintf=yes
| hw_cv_func_vsnprintf=yes
| hw_cv_func_vsnprintf_c99=yes
| 
| #program_prefix=NONE
| #program_suffix=NONE
| 
| # silent=
| # site=
| # srcdir=.
| # subdirs=
| # target=
| # test_suites='unittest/test_args.c thisismadeup/crap.c'
| 
| verbose=yes
| #version=unknown
| 
| test "$prefix" = NONE && prefix=/usr
| test "$exec_prefix" = NONE && exec_prefix='${prefix}'
| 
| test "$bindir" = NONE && bindir='${prefix}/bin'
| test "$sbindir" = NONE && sbindir='${prefix}/sbin'
| test "$includedir" = NONE && includedir='${prefix}/include'
| test "$libdir" = NONE && libdir='${prefix}/lib'
| test "$libexecdir" = NONE && libexecdir='${prefix}/lib/${PACKAGE}'
| 
| #oldincludedir for non-gcc headers
| 
| if test "$prefix" = /usr; then
| 	test "$sysconfdir" = '${prefix}/etc' && sysconfdir=/etc
| 	test "$sharedstatedir" = '${prefix}/com' && sharedstatedir=/var
| 	test "$localstatedir" = '${prefix}/var' && localstatedir=/var
| else
| 	test "$sysconfdir" = NONE && sysconfdir='${prefix}/etc'
| 	test "$sharedstatedir" = NONE && sharedstatedir='${prefix}/com'
| 	test "$localstatedir" = NONE && localstatedir='${prefix}/var'
| fi
| runstatedir='${localstatedir}/run'
| 
| datarootdir='${prefix}/share'
| infodir='${datarootdir}/info'
| #libexecdir='${exec_prefix}/libexec'
| localedir='${datarootdir}/locale'
| mandir='${datarootdir}/man'
| datadir='${datarootdir}'
| # define_xopen_source=yes
| docdir='${datarootdir}/doc/${PACKAGE}'
| pdfdir='${docdir}'
| psdir='${docdir}'
| dvidir='${docdir}'
| htmldir='${docdir}'
configure:2425: checking build system type
configure:2439: result: x86_64-pc-linux-gnu
configure:2459: checking host system type
configure:2472: result: x86_64-pc-linux-gnu
configure:2551: checking for gcc
configure:2578: result: icc.pl
configure:2807: checking for C compiler version
configure:2816: icc.pl --version >&5
icc (ICC) 19.0.1.144 20181018
Copyright (C) 1985-2018 Intel Corporation.  All rights reserved.

configure:2827: $? = 0
configure:2816: icc.pl -v >&5
__INTEL_PRE_CFLAGS options:  
-diag-enableall
-diag-disable=10013,10385,10237,10346
-diag-error-limit=1
-diag-onceall
-Wremarks
-w3
-Wbrief

__INTEL_POST_CFLAGS options:  
... rest of stderr output deleted ...
configure:2827: $? = 1
configure:2816: icc.pl -V >&5
GNU ld (GNU Binutils for Debian) 2.31.1
Intel(R) C Intel(R) 64 Compiler for applications running on Intel(R) 64, Version 19.0.1.144 Build 20181018
Copyright (C) 1985-2018 Intel Corporation.  All rights reserved.

x86_64-linux-gnu-ld: /lib/x86_64-linux-gnu/libz.so.1: no version information available (required by /usr/lib/x86_64-linux-gnu/libbfd-2.31.1-system.so)
x86_64-linux-gnu-ld: /usr/lib/gcc/x86_64-linux-gnu/8/../../../x86_64-linux-gnu/Scrt1.o: in function `_start':
(.text+0x20): undefined reference to `main'
configure:2827: $? = 1
configure:2816: icc.pl -qversion >&5
x86_64-linux-gnu-ld: /lib/x86_64-linux-gnu/libz.so.1: no version information available (required by /usr/lib/x86_64-linux-gnu/libbfd-2.31.1-system.so)
x86_64-linux-gnu-ld: /usr/lib/gcc/x86_64-linux-gnu/8/../../../x86_64-linux-gnu/Scrt1.o: in function `_start':
(.text+0x20): undefined reference to `main'
configure:2827: $? = 1
configure:2847: checking whether the C compiler works
configure:2869: icc.pl -g -O2 -fdebug-prefix-map=/dev/shm/mpdecimal/mpdecimal-2.4.2=. -Wformat -march=native -pipe -Wformat-security -Wdate-time -D_FORTIFY_SOURCE=2  conftest.c  >&5
ipo: remark #11001: performing single-file optimizations
ipo: remark #11006: generating object file /tmp/intel/ipo_icct7lrJH.o
x86_64-linux-gnu-ld: /lib/x86_64-linux-gnu/libz.so.1: no version information available (required by /usr/lib/x86_64-linux-gnu/libbfd-2.31.1-system.so)
configure:2873: $? = 0
configure:2921: result: yes
configure:2924: checking for C compiler default output file name
configure:2926: result: a.out
configure:2932: checking for suffix of executables
configure:2939: icc.pl -o conftest -g -O2 -fdebug-prefix-map=/dev/shm/mpdecimal/mpdecimal-2.4.2=. -Wformat -march=native -pipe -Wformat-security -Wdate-time -D_FORTIFY_SOURCE=2  conftest.c  >&5
ipo: remark #11001: performing single-file optimizations
ipo: remark #11006: generating object file /tmp/intel/ipo_iccuvnezr.o
x86_64-linux-gnu-ld: /lib/x86_64-linux-gnu/libz.so.1: no version information available (required by /usr/lib/x86_64-linux-gnu/libbfd-2.31.1-system.so)
configure:2943: $? = 0
configure:2965: result: 
configure:2987: checking whether we are cross compiling
configure:2995: icc.pl -o conftest -g -O2 -fdebug-prefix-map=/dev/shm/mpdecimal/mpdecimal-2.4.2=. -Wformat -march=native -pipe -Wformat-security -Wdate-time -D_FORTIFY_SOURCE=2  conftest.c  >&5
conftest.c(17) (col. 3): remark #111: statement is unreachable
ipo: remark #11001: performing single-file optimizations
ipo: remark #11006: generating object file /tmp/intel/ipo_icck6pauV.o
x86_64-linux-gnu-ld: /lib/x86_64-linux-gnu/libz.so.1: no version information available (required by /usr/lib/x86_64-linux-gnu/libbfd-2.31.1-system.so)
configure:2999: $? = 0
configure:3006: ./conftest
configure:3010: $? = 0
configure:3025: result: no
configure:3030: checking for suffix of object files
configure:3077: result: o
configure:3081: checking whether we are using the GNU C compiler
configure:3109: result: yes
configure:3118: checking whether icc.pl accepts -g
configure:3138: icc.pl -c -g -Wdate-time -D_FORTIFY_SOURCE=2 conftest.c >&5
configure:3138: $? = 0
configure:3179: result: yes
configure:3196: checking for icc.pl option to accept ISO C89
configure:3279: result: -std=gnu89
configure:3338: checking for ar
configure:3365: result: xiar.pl
configure:3430: checking for ranlib
configure:3457: result: ranlib
configure:3482: checking system as reported by uname -s
configure:3485: result: Linux
configure:3495: checking how to run the C preprocessor
configure:3565: result: icc.pl -E
configure:3585: icc.pl -E -Wdate-time -D_FORTIFY_SOURCE=2 conftest.c
configure:3585: $? = 0
configure:3599: icc.pl -E -Wdate-time -D_FORTIFY_SOURCE=2 conftest.c
conftest.c(9) (col. 28): error #2379: cannot open source file "ac_nonexistent.h"
configure:3599: $? = 4
configure: failed program was:
| /* confdefs.h */
| #define PACKAGE_NAME "mpdecimal"
| #define PACKAGE_TARNAME "mpdecimal"
| #define PACKAGE_VERSION "2.4.2"
| #define PACKAGE_STRING "mpdecimal 2.4.2"
| #define PACKAGE_BUGREPORT "mpdecimal-bugs@bytereef.org"
| #define PACKAGE_URL "http://www.bytereef.org/mpdecimal/index.html"
| /* end confdefs.h.  */
| #include <ac_nonexistent.h>
configure:3628: checking for grep that handles long lines and -e
configure:3686: result: /bin/grep
configure:3691: checking for egrep
configure:3753: result: /bin/grep -E
configure:3758: checking for ANSI C header files
configure:3862: result: yes
configure:3875: checking for sys/types.h
configure:3875: result: yes
configure:3875: checking for sys/stat.h
configure:3875: result: yes
configure:3875: checking for stdlib.h
configure:3875: result: yes
configure:3875: checking for string.h
configure:3875: result: yes
configure:3875: checking for memory.h
configure:3875: result: yes
configure:3875: checking for strings.h
configure:3875: result: yes
configure:3875: checking for inttypes.h
configure:3875: result: yes
configure:3875: checking for stdint.h
configure:3875: result: yes
configure:3875: checking for unistd.h
configure:3875: result: yes
configure:3890: checking for inttypes.h
configure:3890: result: yes
configure:3890: checking for stdint.h
configure:3890: result: yes
configure:3902: checking for size_t
configure:3902: icc.pl -std=gnu89 -c -g -O2 -fdebug-prefix-map=/dev/shm/mpdecimal/mpdecimal-2.4.2=. -Wformat -march=native -pipe -Wformat-security -Wdate-time -D_FORTIFY_SOURCE=2 conftest.c >&5
conftest.c(60) (col. 3): remark #111: statement is unreachable
configure:3902: $? = 0
configure:3902: icc.pl -std=gnu89 -c -g -O2 -fdebug-prefix-map=/dev/shm/mpdecimal/mpdecimal-2.4.2=. -Wformat -march=native -pipe -Wformat-security -Wdate-time -D_FORTIFY_SOURCE=2 conftest.c >&5
conftest.c(57) (col. 21): error: expected an expression
configure:3902: $? = 4
configure: failed program was:
| /* confdefs.h */
| #define PACKAGE_NAME "mpdecimal"
| #define PACKAGE_TARNAME "mpdecimal"
| #define PACKAGE_VERSION "2.4.2"
| #define PACKAGE_STRING "mpdecimal 2.4.2"
| #define PACKAGE_BUGREPORT "mpdecimal-bugs@bytereef.org"
| #define PACKAGE_URL "http://www.bytereef.org/mpdecimal/index.html"
| #define STDC_HEADERS 1
| #define HAVE_SYS_TYPES_H 1
| #define HAVE_SYS_STAT_H 1
| #define HAVE_STDLIB_H 1
| #define HAVE_STRING_H 1
| #define HAVE_MEMORY_H 1
| #define HAVE_STRINGS_H 1
| #define HAVE_INTTYPES_H 1
| #define HAVE_STDINT_H 1
| #define HAVE_UNISTD_H 1
| #define HAVE_INTTYPES_H 1
| #define HAVE_STDINT_H 1
| /* end confdefs.h.  */
| #include <stdio.h>
| #ifdef HAVE_SYS_TYPES_H
| # include <sys/types.h>
| #endif
| #ifdef HAVE_SYS_STAT_H
| # include <sys/stat.h>
| #endif
| #ifdef STDC_HEADERS
| # include <stdlib.h>
| # include <stddef.h>
| #else
| # ifdef HAVE_STDLIB_H
| #  include <stdlib.h>
| # endif
| #endif
| #ifdef HAVE_STRING_H
| # if !defined STDC_HEADERS && defined HAVE_MEMORY_H
| #  include <memory.h>
| # endif
| # include <string.h>
| #endif
| #ifdef HAVE_STRINGS_H
| # include <strings.h>
| #endif
| #ifdef HAVE_INTTYPES_H
| # include <inttypes.h>
| #endif
| #ifdef HAVE_STDINT_H
| # include <stdint.h>
| #endif
| #ifdef HAVE_UNISTD_H
| # include <unistd.h>
| #endif
| int
| main ()
| {
| if (sizeof ((size_t)))
| 	    return 0;
|   ;
|   return 0;
| }
configure:3902: result: yes
configure:3913: checking for int32_t
configure:3913: icc.pl -std=gnu89 -c -g -O2 -fdebug-prefix-map=/dev/shm/mpdecimal/mpdecimal-2.4.2=. -Wformat -march=native -pipe -Wformat-security -Wdate-time -D_FORTIFY_SOURCE=2 conftest.c >&5
conftest.c(63) (col. 3): remark #111: statement is unreachable
configure:3913: $? = 0
configure:3913: icc.pl -std=gnu89 -c -g -O2 -fdebug-prefix-map=/dev/shm/mpdecimal/mpdecimal-2.4.2=. -Wformat -march=native -pipe -Wformat-security -Wdate-time -D_FORTIFY_SOURCE=2 conftest.c >&5
conftest.c(59) (col. 53): warning #61: integer operation result is out of range
conftest.c(58) (col. 24): error: the size of an array must be greater than zero
configure:3913: $? = 4
configure: failed program was:
| /* confdefs.h */
| #define PACKAGE_NAME "mpdecimal"
| #define PACKAGE_TARNAME "mpdecimal"
| #define PACKAGE_VERSION "2.4.2"
| #define PACKAGE_STRING "mpdecimal 2.4.2"
| #define PACKAGE_BUGREPORT "mpdecimal-bugs@bytereef.org"
| #define PACKAGE_URL "http://www.bytereef.org/mpdecimal/index.html"
| #define STDC_HEADERS 1
| #define HAVE_SYS_TYPES_H 1
| #define HAVE_SYS_STAT_H 1
| #define HAVE_STDLIB_H 1
| #define HAVE_STRING_H 1
| #define HAVE_MEMORY_H 1
| #define HAVE_STRINGS_H 1
| #define HAVE_INTTYPES_H 1
| #define HAVE_STDINT_H 1
| #define HAVE_UNISTD_H 1
| #define HAVE_INTTYPES_H 1
| #define HAVE_STDINT_H 1
| /* end confdefs.h.  */
| #include <stdio.h>
| #ifdef HAVE_SYS_TYPES_H
| # include <sys/types.h>
| #endif
| #ifdef HAVE_SYS_STAT_H
| # include <sys/stat.h>
| #endif
| #ifdef STDC_HEADERS
| # include <stdlib.h>
| # include <stddef.h>
| #else
| # ifdef HAVE_STDLIB_H
| #  include <stdlib.h>
| # endif
| #endif
| #ifdef HAVE_STRING_H
| # if !defined STDC_HEADERS && defined HAVE_MEMORY_H
| #  include <memory.h>
| # endif
| # include <string.h>
| #endif
| #ifdef HAVE_STRINGS_H
| # include <strings.h>
| #endif
| #ifdef HAVE_INTTYPES_H
| # include <inttypes.h>
| #endif
| #ifdef HAVE_STDINT_H
| # include <stdint.h>
| #endif
| #ifdef HAVE_UNISTD_H
| # include <unistd.h>
| #endif
| 	        enum { N = 32 / 2 - 1 };
| int
| main ()
| {
| static int test_array [1 - 2 * !((int32_t) (((((int32_t) 1 << N) << N) - 1) * 2 + 1)
| 		 < (int32_t) (((((int32_t) 1 << N) << N) - 1) * 2 + 2))];
| test_array [0] = 0;
| return test_array [0];
| 
|   ;
|   return 0;
| }
configure:3913: result: yes
configure:3924: checking for int64_t
configure:3924: icc.pl -std=gnu89 -c -g -O2 -fdebug-prefix-map=/dev/shm/mpdecimal/mpdecimal-2.4.2=. -Wformat -march=native -pipe -Wformat-security -Wdate-time -D_FORTIFY_SOURCE=2 conftest.c >&5
conftest.c(63) (col. 3): remark #111: statement is unreachable
configure:3924: $? = 0
configure:3924: icc.pl -std=gnu89 -c -g -O2 -fdebug-prefix-map=/dev/shm/mpdecimal/mpdecimal-2.4.2=. -Wformat -march=native -pipe -Wformat-security -Wdate-time -D_FORTIFY_SOURCE=2 conftest.c >&5
conftest.c(59) (col. 53): warning #61: integer operation result is out of range
conftest.c(58) (col. 24): error: the size of an array must be greater than zero
configure:3924: $? = 4
configure: failed program was:
| /* confdefs.h */
| #define PACKAGE_NAME "mpdecimal"
| #define PACKAGE_TARNAME "mpdecimal"
| #define PACKAGE_VERSION "2.4.2"
| #define PACKAGE_STRING "mpdecimal 2.4.2"
| #define PACKAGE_BUGREPORT "mpdecimal-bugs@bytereef.org"
| #define PACKAGE_URL "http://www.bytereef.org/mpdecimal/index.html"
| #define STDC_HEADERS 1
| #define HAVE_SYS_TYPES_H 1
| #define HAVE_SYS_STAT_H 1
| #define HAVE_STDLIB_H 1
| #define HAVE_STRING_H 1
| #define HAVE_MEMORY_H 1
| #define HAVE_STRINGS_H 1
| #define HAVE_INTTYPES_H 1
| #define HAVE_STDINT_H 1
| #define HAVE_UNISTD_H 1
| #define HAVE_INTTYPES_H 1
| #define HAVE_STDINT_H 1
| /* end confdefs.h.  */
| #include <stdio.h>
| #ifdef HAVE_SYS_TYPES_H
| # include <sys/types.h>
| #endif
| #ifdef HAVE_SYS_STAT_H
| # include <sys/stat.h>
| #endif
| #ifdef STDC_HEADERS
| # include <stdlib.h>
| # include <stddef.h>
| #else
| # ifdef HAVE_STDLIB_H
| #  include <stdlib.h>
| # endif
| #endif
| #ifdef HAVE_STRING_H
| # if !defined STDC_HEADERS && defined HAVE_MEMORY_H
| #  include <memory.h>
| # endif
| # include <string.h>
| #endif
| #ifdef HAVE_STRINGS_H
| # include <strings.h>
| #endif
| #ifdef HAVE_INTTYPES_H
| # include <inttypes.h>
| #endif
| #ifdef HAVE_STDINT_H
| # include <stdint.h>
| #endif
| #ifdef HAVE_UNISTD_H
| # include <unistd.h>
| #endif
| 	        enum { N = 64 / 2 - 1 };
| int
| main ()
| {
| static int test_array [1 - 2 * !((int64_t) (((((int64_t) 1 << N) << N) - 1) * 2 + 1)
| 		 < (int64_t) (((((int64_t) 1 << N) << N) - 1) * 2 + 2))];
| test_array [0] = 0;
| return test_array [0];
| 
|   ;
|   return 0;
| }
configure:3924: result: yes
configure:3935: checking for uint32_t
configure:3935: icc.pl -std=gnu89 -c -g -O2 -fdebug-prefix-map=/dev/shm/mpdecimal/mpdecimal-2.4.2=. -Wformat -march=native -pipe -Wformat-security -Wdate-time -D_FORTIFY_SOURCE=2 conftest.c >&5
conftest.c(62) (col. 3): remark #111: statement is unreachable
configure:3935: $? = 0
configure:3935: result: yes
configure:3949: checking for uint64_t
configure:3949: icc.pl -std=gnu89 -c -g -O2 -fdebug-prefix-map=/dev/shm/mpdecimal/mpdecimal-2.4.2=. -Wformat -march=native -pipe -Wformat-security -Wdate-time -D_FORTIFY_SOURCE=2 conftest.c >&5
conftest.c(62) (col. 3): remark #111: statement is unreachable
configure:3949: $? = 0
configure:3949: result: yes
configure:3963: checking for __uint128_t
configure:3963: icc.pl -std=gnu89 -c -g -O2 -fdebug-prefix-map=/dev/shm/mpdecimal/mpdecimal-2.4.2=. -Wformat -march=native -pipe -Wformat-security -Wdate-time -D_FORTIFY_SOURCE=2 conftest.c >&5
conftest.c(60) (col. 3): remark #111: statement is unreachable
configure:3963: $? = 0
configure:3963: icc.pl -std=gnu89 -c -g -O2 -fdebug-prefix-map=/dev/shm/mpdecimal/mpdecimal-2.4.2=. -Wformat -march=native -pipe -Wformat-security -Wdate-time -D_FORTIFY_SOURCE=2 conftest.c >&5
conftest.c(57) (col. 26): error: expected an expression
configure:3963: $? = 4
configure: failed program was:
| /* confdefs.h */
| #define PACKAGE_NAME "mpdecimal"
| #define PACKAGE_TARNAME "mpdecimal"
| #define PACKAGE_VERSION "2.4.2"
| #define PACKAGE_STRING "mpdecimal 2.4.2"
| #define PACKAGE_BUGREPORT "mpdecimal-bugs@bytereef.org"
| #define PACKAGE_URL "http://www.bytereef.org/mpdecimal/index.html"
| #define STDC_HEADERS 1
| #define HAVE_SYS_TYPES_H 1
| #define HAVE_SYS_STAT_H 1
| #define HAVE_STDLIB_H 1
| #define HAVE_STRING_H 1
| #define HAVE_MEMORY_H 1
| #define HAVE_STRINGS_H 1
| #define HAVE_INTTYPES_H 1
| #define HAVE_STDINT_H 1
| #define HAVE_UNISTD_H 1
| #define HAVE_INTTYPES_H 1
| #define HAVE_STDINT_H 1
| /* end confdefs.h.  */
| #include <stdio.h>
| #ifdef HAVE_SYS_TYPES_H
| # include <sys/types.h>
| #endif
| #ifdef HAVE_SYS_STAT_H
| # include <sys/stat.h>
| #endif
| #ifdef STDC_HEADERS
| # include <stdlib.h>
| # include <stddef.h>
| #else
| # ifdef HAVE_STDLIB_H
| #  include <stdlib.h>
| # endif
| #endif
| #ifdef HAVE_STRING_H
| # if !defined STDC_HEADERS && defined HAVE_MEMORY_H
| #  include <memory.h>
| # endif
| # include <string.h>
| #endif
| #ifdef HAVE_STRINGS_H
| # include <strings.h>
| #endif
| #ifdef HAVE_INTTYPES_H
| # include <inttypes.h>
| #endif
| #ifdef HAVE_STDINT_H
| # include <stdint.h>
| #endif
| #ifdef HAVE_UNISTD_H
| # include <unistd.h>
| #endif
| int
| main ()
| {
| if (sizeof ((__uint128_t)))
| 	    return 0;
|   ;
|   return 0;
| }
configure:3963: result: yes
configure:3976: checking size of size_t
configure:3981: icc.pl -std=gnu89 -o conftest -g -O2 -fdebug-prefix-map=/dev/shm/mpdecimal/mpdecimal-2.4.2=. -Wformat -march=native -pipe -Wformat-security -Wdate-time -D_FORTIFY_SOURCE=2  conftest.c  >&5
conftest.c(85) (col. 3): remark #111: statement is unreachable
ipo: remark #11001: performing single-file optimizations
ipo: remark #11006: generating object file /tmp/intel/ipo_iccZd2QjF.o
x86_64-linux-gnu-ld: /lib/x86_64-linux-gnu/libz.so.1: no version information available (required by /usr/lib/x86_64-linux-gnu/libbfd-2.31.1-system.so)
configure:3981: $? = 0
configure:3981: ./conftest
configure:3981: $? = 0
configure:3995: result: 8
configure:4009: checking size of __uint128_t
configure:4014: icc.pl -std=gnu89 -o conftest -g -O2 -fdebug-prefix-map=/dev/shm/mpdecimal/mpdecimal-2.4.2=. -Wformat -march=native -pipe -Wformat-security -Wdate-time -D_FORTIFY_SOURCE=2  conftest.c  >&5
conftest.c(86) (col. 3): remark #111: statement is unreachable
ipo: remark #11001: performing single-file optimizations
ipo: remark #11006: generating object file /tmp/intel/ipo_iccaDluaB.o
x86_64-linux-gnu-ld: /lib/x86_64-linux-gnu/libz.so.1: no version information available (required by /usr/lib/x86_64-linux-gnu/libbfd-2.31.1-system.so)
configure:4014: $? = 0
configure:4014: ./conftest
configure:4014: $? = 0
configure:4028: result: 16
configure:4040: checking for x64 gcc inline assembler
configure:4055: icc.pl -std=gnu89 -c -g -O2 -fdebug-prefix-map=/dev/shm/mpdecimal/mpdecimal-2.4.2=. -Wformat -march=native -pipe -Wformat-security -Wdate-time -D_FORTIFY_SOURCE=2 conftest.c >&5
configure:4055: $? = 0
configure:4061: result: yes
configure:4070: checking for x87 gcc inline assembler
configure:4087: icc.pl -std=gnu89 -c -g -O2 -fdebug-prefix-map=/dev/shm/mpdecimal/mpdecimal-2.4.2=. -Wformat -march=native -pipe -Wformat-security -Wdate-time -D_FORTIFY_SOURCE=2 conftest.c >&5
configure:4087: $? = 0
configure:4093: result: yes
configure:4102: checking for -O2
configure:4118: icc.pl -std=gnu89 -c -O2 -Wdate-time -D_FORTIFY_SOURCE=2 conftest.c >&5
configure:4118: $? = 0
configure:4124: result: yes
configure:4143: checking for a BSD-compatible install
configure:4211: result: /usr/bin/install
configure:4226: checking for glibc _FORTIFY_SOURCE/memmove bug
configure:4255: icc.pl -std=gnu89 -o conftest -O2 -D_FORTIFY_SOURCE=2 -Wdate-time -D_FORTIFY_SOURCE=2  conftest.c  >&5
conftest.c(30) (col. 6): remark #1418: external function definition with no prior declaration
ipo: remark #11001: performing single-file optimizations
ipo: remark #11006: generating object file /tmp/intel/ipo_iccz8MxYn.o
x86_64-linux-gnu-ld: /lib/x86_64-linux-gnu/libz.so.1: no version information available (required by /usr/lib/x86_64-linux-gnu/libbfd-2.31.1-system.so)
configure:4255: $? = 0
configure:4255: ./conftest
configure:4255: $? = 0
configure:4265: result: no
configure:4679: creating ./config.status

## ---------------------- ##
## Running config.status. ##
## ---------------------- ##

This file was extended by mpdecimal config.status 2.4.2, which was
generated by GNU Autoconf 2.69.  Invocation command line was

  CONFIG_FILES    = 
  CONFIG_HEADERS  = 
  CONFIG_LINKS    = 
  CONFIG_COMMANDS = 
  $ ./config.status 

on server

config.status:848: creating Makefile
config.status:848: creating libmpdec/Makefile
config.status:848: creating tests/Makefile
config.status:848: creating libmpdec/mpdecimal.h
config.status:848: creating config.h
config.status:1023: config.h is unchanged
configure:5843: WARNING: unrecognized options: --disable-silent-rules, --disable-maintainer-mode, --disable-dependency-tracking

## ---------------- ##
## Cache variables. ##
## ---------------- ##

ac_cv_build=x86_64-pc-linux-gnu
ac_cv_c_bigendian=no
ac_cv_c_compiler_clang=no
ac_cv_c_compiler_gnu=yes
ac_cv_c_int32_t=yes
ac_cv_c_int64_t=yes
ac_cv_c_uint32_t=yes
ac_cv_c_uint64_t=yes
ac_cv_env_CC_set=set
ac_cv_env_CC_value=icc.pl
ac_cv_env_CFLAGS_set=set
ac_cv_env_CFLAGS_value='-g -O2 -fdebug-prefix-map=/dev/shm/mpdecimal/mpdecimal-2.4.2=. -Wformat -march=native -pipe -Wformat-security'
ac_cv_env_CPPFLAGS_set=set
ac_cv_env_CPPFLAGS_value='-Wdate-time -D_FORTIFY_SOURCE=2'
ac_cv_env_CPP_set=set
ac_cv_env_CPP_value='icc.pl -E'
ac_cv_env_LDFLAGS_set=set
ac_cv_env_LDFLAGS_value=
ac_cv_env_LIBS_set=
ac_cv_env_LIBS_value=
ac_cv_env_MACHINE_set=
ac_cv_env_MACHINE_value=
ac_cv_env_build_alias_set=set
ac_cv_env_build_alias_value=x86_64-linux-gnu
ac_cv_env_host_alias_set=
ac_cv_env_host_alias_value=
ac_cv_env_target_alias_set=
ac_cv_env_target_alias_value=
ac_cv_func_asprintf=yes
ac_cv_func_gethostname=yes
ac_cv_func_getopt_long=yes
ac_cv_func_getpwuid=yes
ac_cv_func_gettimeofday=yes
ac_cv_func_mkstemp=yes
ac_cv_func_realpath=yes
ac_cv_func_setenv=yes
ac_cv_func_snprintf=yes
ac_cv_func_strndup=yes
ac_cv_func_strtok_r=yes
ac_cv_func_unsetenv=yes
ac_cv_func_utimes=yes
ac_cv_func_vasprintf=yes
ac_cv_func_vsnprintf=yes
ac_cv_header_ctype_h=yes
ac_cv_header_dirent_dirent_h=yes
ac_cv_header_inttypes_h=yes
ac_cv_header_memory_h=yes
ac_cv_header_pwd_h=yes
ac_cv_header_stdarg_h=yes
ac_cv_header_stdc=yes
ac_cv_header_stdint_h=yes
ac_cv_header_stdlib_h=yes
ac_cv_header_string_h=yes
ac_cv_header_strings_h=yes
ac_cv_header_sys_mman_h=yes
ac_cv_header_sys_stat_h=yes
ac_cv_header_sys_time_h=yes
ac_cv_header_sys_types_h=yes
ac_cv_header_sys_wait_h=yes
ac_cv_header_termios_h=yes
ac_cv_header_time=yes
ac_cv_header_unistd_h=yes
ac_cv_header_varargs_h=no
ac_cv_host=x86_64-pc-linux-gnu
ac_cv_objext=o
ac_cv_path_EGREP='/bin/grep -E'
ac_cv_path_GREP=/bin/grep
ac_cv_path_ac_pt_BASH=/bin/bash
ac_cv_path_install=/usr/bin/install
ac_cv_prog_CPP='icc.pl -E'
ac_cv_prog_ac_ct_AR=xiar.pl
ac_cv_prog_ac_ct_CC=icc.pl
ac_cv_prog_ac_ct_RANLIB=ranlib
ac_cv_prog_cc_c89=-std=gnu89
ac_cv_prog_cc_c99=-std=gnu99
ac_cv_prog_cc_g=yes
ac_cv_search_cos='none required'
ac_cv_search_opendir='none required'
ac_cv_sizeof___uint128_t=16
ac_cv_sizeof_size_t=8
ac_cv_type___uint128_t=yes
ac_cv_type_long_long=yes
ac_cv_type_size_t=yes
ac_cv_type_unsigned_long_long_int=yes
ax_cv_c_float_words_bigendian=no
hw_cv_func_asprintf=yes
hw_cv_func_snprintf=yes
hw_cv_func_snprintf_c99=yes
hw_cv_func_vasprintf=yes
hw_cv_func_vsnprintf=yes
hw_cv_func_vsnprintf_c99=yes

## ----------------- ##
## Output variables. ##
## ----------------- ##


  #define CONFIG_64
  #error "cannot use CONFIG_32 with 64-bit header."
#endif
#endif'
#ifdef CONFIG_32
#ifndef CONFIG_64
/* ABI: 64-bit */
AR='xiar'
CC='icc.pl -std=gnu89'
CFLAGS='-g -O2 -fdebug-prefix-map=/dev/shm/mpdecimal/mpdecimal-2.4.2=. -Wformat -march=native -pipe -Wformat-security'
CONFIGURE_CFLAGS='-Wall -Wno-unknown-pragmas -DCONFIG_64 -DASM -O2 -g -O2 -fdebug-prefix-map=/dev/shm/mpdecimal/mpdecimal-2.4.2=. -Wformat -march=native -pipe -Wformat-security'
CONFIGURE_LDFLAGS=''
CPP='icc.pl -E'
CPPFLAGS='-Wdate-time -D_FORTIFY_SOURCE=2'
DEFS='-DHAVE_CONFIG_H'
ECHO_C=''
ECHO_N='-n'
ECHO_T='	'
EGREP='/bin/grep -E'
EXEEXT=''
GREP='/bin/grep'
INSTALL='/usr/bin/install'
INSTALL_DATA='${INSTALL} -m 644'
INSTALL_PROGRAM='${INSTALL}'
INSTALL_SCRIPT='${INSTALL}'
LD='icc.pl -std=gnu89'
LDFLAGS=''
LIBOBJS=''
LIBS=''
LIBSHARED='libmpdec.so.2.4.2'
LIBSONAME='libmpdec.so.2'
LIBSTATIC='libmpdec.a'
LTLIBOBJS=''
MACHINE='x64'
MPD_CONFIG='-DCONFIG_64 -DASM'
MPD_DPREC='38'
MPD_HEADER=''
MPD_HEADER_CONFIG='
MPD_OPT='-O2'
MPD_PGEN='-wd11505 -prof-gen'
MPD_PREC='19'
MPD_PUSE='-wd11505 -prof-use'
MPD_WARN='-Wall -Wno-unknown-pragmas'
OBJEXT='o'
PACKAGE_BUGREPORT='mpdecimal-bugs@bytereef.org'
PACKAGE_NAME='mpdecimal'
PACKAGE_STRING='mpdecimal 2.4.2'
PACKAGE_TARNAME='mpdecimal'
PACKAGE_URL='http://www.bytereef.org/mpdecimal/index.html'
PACKAGE_VERSION='2.4.2'
PATH_SEPARATOR=':'
RANLIB='ranlib'
SHELL='/bin/bash'
ac_ct_CC='icc.pl'
bindir='${exec_prefix}/bin'
build='x86_64-pc-linux-gnu'
build_alias='x86_64-linux-gnu'
build_cpu='x86_64'
build_os='linux-gnu'
build_vendor='pc'
datadir='${datarootdir}'
datarootdir='${prefix}/share'
docdir='${datarootdir}/doc/${PACKAGE}'
dvidir='${docdir}'
exec_prefix='${prefix}'
host='x86_64-pc-linux-gnu'
host_alias=''
host_cpu='x86_64'
host_os='linux-gnu'
host_vendor='pc'
htmldir='${docdir}'
includedir='${prefix}/include/x86_64-linux-gnu'
infodir='${datarootdir}/info'
libdir='${prefix}/lib/x86_64-linux-gnu'
libexecdir='${prefix}/lib/x86_64-linux-gnu'
localedir='${datarootdir}/locale'
localstatedir='/var'
mandir='${datarootdir}/man'
oldincludedir='/usr/include'
pdfdir='${docdir}'
prefix='/usr'
program_transform_name='s,x,x,'
psdir='${docdir}'
sbindir='${exec_prefix}/sbin'
sharedstatedir='/var'
sysconfdir='/etc'
target_alias=''

## ----------- ##
## confdefs.h. ##
## ----------- ##

/* confdefs.h */
#define PACKAGE_NAME "mpdecimal"
#define PACKAGE_TARNAME "mpdecimal"
#define PACKAGE_VERSION "2.4.2"
#define PACKAGE_STRING "mpdecimal 2.4.2"
#define PACKAGE_BUGREPORT "mpdecimal-bugs@bytereef.org"
#define PACKAGE_URL "http://www.bytereef.org/mpdecimal/index.html"
#define STDC_HEADERS 1
#define HAVE_SYS_TYPES_H 1
#define HAVE_SYS_STAT_H 1
#define HAVE_STDLIB_H 1
#define HAVE_STRING_H 1
#define HAVE_MEMORY_H 1
#define HAVE_STRINGS_H 1
#define HAVE_INTTYPES_H 1
#define HAVE_STDINT_H 1
#define HAVE_UNISTD_H 1
#define HAVE_INTTYPES_H 1
#define HAVE_STDINT_H 1
#define HAVE_UINT128_T 1
#define SIZEOF_SIZE_T 8
#define SIZEOF___UINT128_T 16
#define HAVE_GCC_ASM_FOR_X64 1
#define HAVE_GCC_ASM_FOR_X87 1

configure: exit 0
